0 info it worked if it ends with ok
1 verbose cli [ 'C:\\Program Files\\iojs\\node.exe',
1 verbose cli   'C:\\Program Files\\iojs\\node_modules\\npm\\bin\\npm-cli.js',
1 verbose cli   'install' ]
2 info using npm@2.13.3
3 info using node@v3.1.0
4 verbose readDependencies loading dependencies from C:\users\xXxKillDogxXx\Documents\ExtraEFI.co.uk\package.json
5 warn package.json extraefi.co.uk@1.0.0 No description
6 warn package.json extraefi.co.uk@1.0.0 No README data
7 verbose install where, deps [ 'C:\\users\\xXxKillDogxXx\\Documents\\ExtraEFI.co.uk',
7 verbose install   [ 'bootstrap',
7 verbose install     'browser-sync',
7 verbose install     'gulp',
7 verbose install     'gulp-autoprefixer',
7 verbose install     'gulp-browserify',
7 verbose install     'gulp-header',
7 verbose install     'gulp-if',
7 verbose install     'gulp-jade',
7 verbose install     'gulp-less',
7 verbose install     'gulp-livereload',
7 verbose install     'gulp-sourcemaps',
7 verbose install     'jade',
7 verbose install     'jquery',
7 verbose install     'trendy' ] ]
8 verbose install where, peers [ 'C:\\users\\xXxKillDogxXx\\Documents\\ExtraEFI.co.uk', [] ]
9 verbose installManyTop reading for lifecycle C:\users\xXxKillDogxXx\Documents\ExtraEFI.co.uk\package.json
10 info preinstall extraefi.co.uk@1.0.0
11 verbose readDependencies loading dependencies from C:\users\xXxKillDogxXx\Documents\ExtraEFI.co.uk\package.json
12 silly cache add args [ 'gulp@^3.9.0', null ]
13 verbose cache add spec gulp@^3.9.0
14 silly cache add parsed spec Result {
14 silly cache add   raw: 'gulp@^3.9.0',
14 silly cache add   scope: null,
14 silly cache add   name: 'gulp',
14 silly cache add   rawSpec: '^3.9.0',
14 silly cache add   spec: '>=3.9.0 <4.0.0',
14 silly cache add   type: 'range' }
15 silly addNamed gulp@>=3.9.0 <4.0.0
16 verbose addNamed ">=3.9.0 <4.0.0" is a valid semver range for gulp
17 silly addNameRange { name: 'gulp', range: '>=3.9.0 <4.0.0', hasData: false }
18 silly mapToRegistry name gulp
19 silly mapToRegistry using default registry
20 silly mapToRegistry registry https://registry.npmjs.org/
21 silly mapToRegistry uri https://registry.npmjs.org/gulp
22 verbose addNameRange registry:https://registry.npmjs.org/gulp not in flight; fetching
23 silly cache add args [ 'gulp-autoprefixer@^2.3.1', null ]
24 verbose cache add spec gulp-autoprefixer@^2.3.1
25 silly cache add parsed spec Result {
25 silly cache add   raw: 'gulp-autoprefixer@^2.3.1',
25 silly cache add   scope: null,
25 silly cache add   name: 'gulp-autoprefixer',
25 silly cache add   rawSpec: '^2.3.1',
25 silly cache add   spec: '>=2.3.1 <3.0.0',
25 silly cache add   type: 'range' }
26 silly addNamed gulp-autoprefixer@>=2.3.1 <3.0.0
27 verbose addNamed ">=2.3.1 <3.0.0" is a valid semver range for gulp-autoprefixer
28 silly addNameRange { name: 'gulp-autoprefixer',
28 silly addNameRange   range: '>=2.3.1 <3.0.0',
28 silly addNameRange   hasData: false }
29 silly mapToRegistry name gulp-autoprefixer
30 silly mapToRegistry using default registry
31 silly mapToRegistry registry https://registry.npmjs.org/
32 silly mapToRegistry uri https://registry.npmjs.org/gulp-autoprefixer
33 verbose addNameRange registry:https://registry.npmjs.org/gulp-autoprefixer not in flight; fetching
34 silly cache add args [ 'gulp-browserify@^0.5.1', null ]
35 verbose cache add spec gulp-browserify@^0.5.1
36 silly cache add parsed spec Result {
36 silly cache add   raw: 'gulp-browserify@^0.5.1',
36 silly cache add   scope: null,
36 silly cache add   name: 'gulp-browserify',
36 silly cache add   rawSpec: '^0.5.1',
36 silly cache add   spec: '>=0.5.1 <0.6.0',
36 silly cache add   type: 'range' }
37 silly addNamed gulp-browserify@>=0.5.1 <0.6.0
38 verbose addNamed ">=0.5.1 <0.6.0" is a valid semver range for gulp-browserify
39 silly addNameRange { name: 'gulp-browserify',
39 silly addNameRange   range: '>=0.5.1 <0.6.0',
39 silly addNameRange   hasData: false }
40 silly mapToRegistry name gulp-browserify
41 silly mapToRegistry using default registry
42 silly mapToRegistry registry https://registry.npmjs.org/
43 silly mapToRegistry uri https://registry.npmjs.org/gulp-browserify
44 verbose addNameRange registry:https://registry.npmjs.org/gulp-browserify not in flight; fetching
45 silly cache add args [ 'gulp-header@^1.2.2', null ]
46 verbose cache add spec gulp-header@^1.2.2
47 silly cache add parsed spec Result {
47 silly cache add   raw: 'gulp-header@^1.2.2',
47 silly cache add   scope: null,
47 silly cache add   name: 'gulp-header',
47 silly cache add   rawSpec: '^1.2.2',
47 silly cache add   spec: '>=1.2.2 <2.0.0',
47 silly cache add   type: 'range' }
48 silly addNamed gulp-header@>=1.2.2 <2.0.0
49 verbose addNamed ">=1.2.2 <2.0.0" is a valid semver range for gulp-header
50 silly addNameRange { name: 'gulp-header', range: '>=1.2.2 <2.0.0', hasData: false }
51 silly mapToRegistry name gulp-header
52 silly mapToRegistry using default registry
53 silly mapToRegistry registry https://registry.npmjs.org/
54 silly mapToRegistry uri https://registry.npmjs.org/gulp-header
55 verbose addNameRange registry:https://registry.npmjs.org/gulp-header not in flight; fetching
56 silly cache add args [ 'gulp-if@^1.2.5', null ]
57 verbose cache add spec gulp-if@^1.2.5
58 silly cache add parsed spec Result {
58 silly cache add   raw: 'gulp-if@^1.2.5',
58 silly cache add   scope: null,
58 silly cache add   name: 'gulp-if',
58 silly cache add   rawSpec: '^1.2.5',
58 silly cache add   spec: '>=1.2.5 <2.0.0',
58 silly cache add   type: 'range' }
59 silly addNamed gulp-if@>=1.2.5 <2.0.0
60 verbose addNamed ">=1.2.5 <2.0.0" is a valid semver range for gulp-if
61 silly addNameRange { name: 'gulp-if', range: '>=1.2.5 <2.0.0', hasData: false }
62 silly mapToRegistry name gulp-if
63 silly mapToRegistry using default registry
64 silly mapToRegistry registry https://registry.npmjs.org/
65 silly mapToRegistry uri https://registry.npmjs.org/gulp-if
66 verbose addNameRange registry:https://registry.npmjs.org/gulp-if not in flight; fetching
67 silly cache add args [ 'gulp-jade@^1.1.0', null ]
68 verbose cache add spec gulp-jade@^1.1.0
69 silly cache add parsed spec Result {
69 silly cache add   raw: 'gulp-jade@^1.1.0',
69 silly cache add   scope: null,
69 silly cache add   name: 'gulp-jade',
69 silly cache add   rawSpec: '^1.1.0',
69 silly cache add   spec: '>=1.1.0 <2.0.0',
69 silly cache add   type: 'range' }
70 silly addNamed gulp-jade@>=1.1.0 <2.0.0
71 verbose addNamed ">=1.1.0 <2.0.0" is a valid semver range for gulp-jade
72 silly addNameRange { name: 'gulp-jade', range: '>=1.1.0 <2.0.0', hasData: false }
73 silly mapToRegistry name gulp-jade
74 silly mapToRegistry using default registry
75 silly mapToRegistry registry https://registry.npmjs.org/
76 silly mapToRegistry uri https://registry.npmjs.org/gulp-jade
77 verbose addNameRange registry:https://registry.npmjs.org/gulp-jade not in flight; fetching
78 silly cache add args [ 'gulp-less@^3.0.3', null ]
79 verbose cache add spec gulp-less@^3.0.3
80 silly cache add parsed spec Result {
80 silly cache add   raw: 'gulp-less@^3.0.3',
80 silly cache add   scope: null,
80 silly cache add   name: 'gulp-less',
80 silly cache add   rawSpec: '^3.0.3',
80 silly cache add   spec: '>=3.0.3 <4.0.0',
80 silly cache add   type: 'range' }
81 silly addNamed gulp-less@>=3.0.3 <4.0.0
82 verbose addNamed ">=3.0.3 <4.0.0" is a valid semver range for gulp-less
83 silly addNameRange { name: 'gulp-less', range: '>=3.0.3 <4.0.0', hasData: false }
84 silly mapToRegistry name gulp-less
85 silly mapToRegistry using default registry
86 silly mapToRegistry registry https://registry.npmjs.org/
87 silly mapToRegistry uri https://registry.npmjs.org/gulp-less
88 verbose addNameRange registry:https://registry.npmjs.org/gulp-less not in flight; fetching
89 silly cache add args [ 'gulp-livereload@^3.8.0', null ]
90 verbose cache add spec gulp-livereload@^3.8.0
91 silly cache add parsed spec Result {
91 silly cache add   raw: 'gulp-livereload@^3.8.0',
91 silly cache add   scope: null,
91 silly cache add   name: 'gulp-livereload',
91 silly cache add   rawSpec: '^3.8.0',
91 silly cache add   spec: '>=3.8.0 <4.0.0',
91 silly cache add   type: 'range' }
92 silly addNamed gulp-livereload@>=3.8.0 <4.0.0
93 verbose addNamed ">=3.8.0 <4.0.0" is a valid semver range for gulp-livereload
94 silly addNameRange { name: 'gulp-livereload',
94 silly addNameRange   range: '>=3.8.0 <4.0.0',
94 silly addNameRange   hasData: false }
95 silly mapToRegistry name gulp-livereload
96 silly mapToRegistry using default registry
97 silly mapToRegistry registry https://registry.npmjs.org/
98 silly mapToRegistry uri https://registry.npmjs.org/gulp-livereload
99 verbose addNameRange registry:https://registry.npmjs.org/gulp-livereload not in flight; fetching
100 silly cache add args [ 'gulp-sourcemaps@^1.5.2', null ]
101 verbose cache add spec gulp-sourcemaps@^1.5.2
102 silly cache add parsed spec Result {
102 silly cache add   raw: 'gulp-sourcemaps@^1.5.2',
102 silly cache add   scope: null,
102 silly cache add   name: 'gulp-sourcemaps',
102 silly cache add   rawSpec: '^1.5.2',
102 silly cache add   spec: '>=1.5.2 <2.0.0',
102 silly cache add   type: 'range' }
103 silly addNamed gulp-sourcemaps@>=1.5.2 <2.0.0
104 verbose addNamed ">=1.5.2 <2.0.0" is a valid semver range for gulp-sourcemaps
105 silly addNameRange { name: 'gulp-sourcemaps',
105 silly addNameRange   range: '>=1.5.2 <2.0.0',
105 silly addNameRange   hasData: false }
106 silly mapToRegistry name gulp-sourcemaps
107 silly mapToRegistry using default registry
108 silly mapToRegistry registry https://registry.npmjs.org/
109 silly mapToRegistry uri https://registry.npmjs.org/gulp-sourcemaps
110 verbose addNameRange registry:https://registry.npmjs.org/gulp-sourcemaps not in flight; fetching
111 silly cache add args [ 'jade@^1.11.0', null ]
112 verbose cache add spec jade@^1.11.0
113 silly cache add parsed spec Result {
113 silly cache add   raw: 'jade@^1.11.0',
113 silly cache add   scope: null,
113 silly cache add   name: 'jade',
113 silly cache add   rawSpec: '^1.11.0',
113 silly cache add   spec: '>=1.11.0 <2.0.0',
113 silly cache add   type: 'range' }
114 silly addNamed jade@>=1.11.0 <2.0.0
115 verbose addNamed ">=1.11.0 <2.0.0" is a valid semver range for jade
116 silly addNameRange { name: 'jade', range: '>=1.11.0 <2.0.0', hasData: false }
117 silly mapToRegistry name jade
118 silly mapToRegistry using default registry
119 silly mapToRegistry registry https://registry.npmjs.org/
120 silly mapToRegistry uri https://registry.npmjs.org/jade
121 verbose addNameRange registry:https://registry.npmjs.org/jade not in flight; fetching
122 silly cache add args [ 'jquery@^2.1.4', null ]
123 verbose cache add spec jquery@^2.1.4
124 silly cache add parsed spec Result {
124 silly cache add   raw: 'jquery@^2.1.4',
124 silly cache add   scope: null,
124 silly cache add   name: 'jquery',
124 silly cache add   rawSpec: '^2.1.4',
124 silly cache add   spec: '>=2.1.4 <3.0.0',
124 silly cache add   type: 'range' }
125 silly addNamed jquery@>=2.1.4 <3.0.0
126 verbose addNamed ">=2.1.4 <3.0.0" is a valid semver range for jquery
127 silly addNameRange { name: 'jquery', range: '>=2.1.4 <3.0.0', hasData: false }
128 silly mapToRegistry name jquery
129 silly mapToRegistry using default registry
130 silly mapToRegistry registry https://registry.npmjs.org/
131 silly mapToRegistry uri https://registry.npmjs.org/jquery
132 verbose addNameRange registry:https://registry.npmjs.org/jquery not in flight; fetching
133 silly cache add args [ 'trendy@git+ssh://git@github.com/jwrb/trendy.git#golf-companion',
133 silly cache add   null ]
134 verbose cache add spec trendy@git+ssh://git@github.com/jwrb/trendy.git#golf-companion
135 silly cache add args [ 'bootstrap@^3.3.5', null ]
136 verbose cache add spec bootstrap@^3.3.5
137 silly cache add parsed spec Result {
137 silly cache add   raw: 'bootstrap@^3.3.5',
137 silly cache add   scope: null,
137 silly cache add   name: 'bootstrap',
137 silly cache add   rawSpec: '^3.3.5',
137 silly cache add   spec: '>=3.3.5 <4.0.0',
137 silly cache add   type: 'range' }
138 silly addNamed bootstrap@>=3.3.5 <4.0.0
139 verbose addNamed ">=3.3.5 <4.0.0" is a valid semver range for bootstrap
140 silly addNameRange { name: 'bootstrap', range: '>=3.3.5 <4.0.0', hasData: false }
141 silly mapToRegistry name bootstrap
142 silly mapToRegistry using default registry
143 silly mapToRegistry registry https://registry.npmjs.org/
144 silly mapToRegistry uri https://registry.npmjs.org/bootstrap
145 verbose addNameRange registry:https://registry.npmjs.org/bootstrap not in flight; fetching
146 silly cache add args [ 'browser-sync@^2.8.2', null ]
147 verbose cache add spec browser-sync@^2.8.2
148 silly cache add parsed spec Result {
148 silly cache add   raw: 'browser-sync@^2.8.2',
148 silly cache add   scope: null,
148 silly cache add   name: 'browser-sync',
148 silly cache add   rawSpec: '^2.8.2',
148 silly cache add   spec: '>=2.8.2 <3.0.0',
148 silly cache add   type: 'range' }
149 silly addNamed browser-sync@>=2.8.2 <3.0.0
150 verbose addNamed ">=2.8.2 <3.0.0" is a valid semver range for browser-sync
151 silly addNameRange { name: 'browser-sync', range: '>=2.8.2 <3.0.0', hasData: false }
152 silly mapToRegistry name browser-sync
153 silly mapToRegistry using default registry
154 silly mapToRegistry registry https://registry.npmjs.org/
155 silly mapToRegistry uri https://registry.npmjs.org/browser-sync
156 verbose addNameRange registry:https://registry.npmjs.org/browser-sync not in flight; fetching
157 silly cache add parsed spec Result {
157 silly cache add   raw: 'trendy@git+ssh://git@github.com/jwrb/trendy.git#golf-companion',
157 silly cache add   scope: null,
157 silly cache add   name: 'trendy',
157 silly cache add   rawSpec: 'git+ssh://git@github.com/jwrb/trendy.git#golf-companion',
157 silly cache add   spec: 'git+ssh://git@github.com/jwrb/trendy.git#golf-companion',
157 silly cache add   type: 'hosted',
157 silly cache add   hosted:
157 silly cache add    { type: 'github',
157 silly cache add      ssh: 'git@github.com:jwrb/trendy.git#golf-companion',
157 silly cache add      sshUrl: 'git+ssh://git@github.com/jwrb/trendy.git#golf-companion',
157 silly cache add      httpsUrl: 'git+https://github.com/jwrb/trendy.git#golf-companion',
157 silly cache add      gitUrl: 'git://github.com/jwrb/trendy.git#golf-companion',
157 silly cache add      shortcut: 'github:jwrb/trendy#golf-companion',
157 silly cache add      directUrl: 'https://raw.githubusercontent.com/jwrb/trendy/golf-companion/package.json' } }
158 verbose addRemoteGit caching git+ssh://git@github.com/jwrb/trendy.git#golf-companion
159 verbose addRemoteGit git+ssh://git@github.com/jwrb/trendy.git#golf-companion is a repository hosted by github
160 silly tryClone cloning git+ssh://git@github.com/jwrb/trendy.git#golf-companion via git+ssh://git@github.com/jwrb/trendy.git#golf-companion
161 verbose tryClone ssh-git-github-com-jwrb-trendy-git-b177b66d not in flight; caching
162 verbose request uri https://registry.npmjs.org/gulp-autoprefixer
163 verbose request no auth needed
164 info attempt registry request try #1 at 5:06:21 AM
165 verbose request id b81d62bd64c8173d
166 verbose etag "9HKTEFELM0IER3UOTRXP5SEA7"
167 http request GET https://registry.npmjs.org/gulp-autoprefixer
168 verbose request uri https://registry.npmjs.org/gulp-browserify
169 verbose request no auth needed
170 info attempt registry request try #1 at 5:06:21 AM
171 verbose etag "2H68SB97X4ZS6FXP4410CO6MV"
172 http request GET https://registry.npmjs.org/gulp-browserify
173 verbose request uri https://registry.npmjs.org/gulp-header
174 verbose request no auth needed
175 info attempt registry request try #1 at 5:06:21 AM
176 verbose etag "5LGEX2YIG8AKX7RAT8ZIQW1N8"
177 http request GET https://registry.npmjs.org/gulp-header
178 verbose request uri https://registry.npmjs.org/gulp
179 verbose request no auth needed
180 info attempt registry request try #1 at 5:06:21 AM
181 verbose etag "8B76KHMNZ2QOK0C6II6AYPYXV"
182 http request GET https://registry.npmjs.org/gulp
183 verbose request uri https://registry.npmjs.org/gulp-jade
184 verbose request no auth needed
185 info attempt registry request try #1 at 5:06:21 AM
186 verbose etag "6BK7YBP2IJB3YW1M09QFD711L"
187 http request GET https://registry.npmjs.org/gulp-jade
188 verbose request uri https://registry.npmjs.org/gulp-less
189 verbose request no auth needed
190 info attempt registry request try #1 at 5:06:21 AM
191 verbose etag "157K5TANG8WPZYQ3T6AS0MLBA"
192 http request GET https://registry.npmjs.org/gulp-less
193 verbose request uri https://registry.npmjs.org/gulp-livereload
194 verbose request no auth needed
195 info attempt registry request try #1 at 5:06:21 AM
196 verbose etag "3AZOF48LQVYSKIGU0ZXET1C9S"
197 http request GET https://registry.npmjs.org/gulp-livereload
198 verbose request uri https://registry.npmjs.org/gulp-if
199 verbose request no auth needed
200 info attempt registry request try #1 at 5:06:21 AM
201 verbose etag "3WQADN68XNBRL78CXYKFFQF5N"
202 http request GET https://registry.npmjs.org/gulp-if
203 verbose request uri https://registry.npmjs.org/gulp-sourcemaps
204 verbose request no auth needed
205 info attempt registry request try #1 at 5:06:21 AM
206 verbose etag "9CNJC0RSHRBYG6QH3FC0D07OB"
207 http request GET https://registry.npmjs.org/gulp-sourcemaps
208 verbose request uri https://registry.npmjs.org/bootstrap
209 verbose request no auth needed
210 info attempt registry request try #1 at 5:06:21 AM
211 verbose etag "4FQXPTW1NY0O2SQMPN6ND9ULE"
212 http request GET https://registry.npmjs.org/bootstrap
213 verbose request uri https://registry.npmjs.org/jquery
214 verbose request no auth needed
215 info attempt registry request try #1 at 5:06:21 AM
216 verbose etag "EZN1AJ9Y2ORPMNSOGVKZM6XGW"
217 http request GET https://registry.npmjs.org/jquery
218 verbose request uri https://registry.npmjs.org/jade
219 verbose request no auth needed
220 info attempt registry request try #1 at 5:06:21 AM
221 verbose etag "BPV74BB9P72Z3MOMIT564BY7M"
222 http request GET https://registry.npmjs.org/jade
223 verbose request uri https://registry.npmjs.org/browser-sync
224 verbose request no auth needed
225 info attempt registry request try #1 at 5:06:21 AM
226 verbose etag "VD1UFQDTSKRN0O6JVQ82J347"
227 http request GET https://registry.npmjs.org/browser-sync
228 info git [ 'config', '--get', 'remote.origin.url' ]
229 warn addRemoteGit Error: Command failed: git -c core.longpaths=true config --get remote.origin.url
229 warn addRemoteGit
229 warn addRemoteGit     at ChildProcess.exithandler (child_process.js:197:12)
229 warn addRemoteGit     at emitTwo (events.js:87:13)
229 warn addRemoteGit     at ChildProcess.emit (events.js:172:7)
229 warn addRemoteGit     at maybeClose (internal/child_process.js:764:16)
229 warn addRemoteGit     at Socket.<anonymous> (internal/child_process.js:319:11)
229 warn addRemoteGit     at emitOne (events.js:77:13)
229 warn addRemoteGit     at Socket.emit (events.js:169:7)
229 warn addRemoteGit     at Pipe._onclose (net.js:469:12)
229 warn addRemoteGit  git+ssh://git@github.com/jwrb/trendy.git#golf-companion resetting remote C:\Users\xXxKillDogxXx\AppData\Roaming\npm-cache\_git-remotes\ssh-git-github-com-jwrb-trendy-git-b177b66d because of error: { [Error: Command failed: git -c core.longpaths=true config --get remote.origin.url
229 warn addRemoteGit ]
229 warn addRemoteGit   killed: false,
229 warn addRemoteGit   code: 1,
229 warn addRemoteGit   signal: null,
229 warn addRemoteGit   cmd: 'git -c core.longpaths=true config --get remote.origin.url' }
230 info resetRemote resetting C:\Users\xXxKillDogxXx\AppData\Roaming\npm-cache\_git-remotes\ssh-git-github-com-jwrb-trendy-git-b177b66d for git+ssh://git@github.com/jwrb/trendy.git#golf-companion
231 silly gentlyRm C:\Users\xXxKillDogxXx\AppData\Roaming\npm-cache\_git-remotes\ssh-git-github-com-jwrb-trendy-git-b177b66d is being purged
232 verbose gentlyRm don't care about contents; nuking C:\Users\xXxKillDogxXx\AppData\Roaming\npm-cache\_git-remotes\ssh-git-github-com-jwrb-trendy-git-b177b66d
233 silly vacuum-fs purging C:\Users\xXxKillDogxXx\AppData\Roaming\npm-cache\_git-remotes\ssh-git-github-com-jwrb-trendy-git-b177b66d
234 silly vacuum-fs quitting because other entries in C:\Users\xXxKillDogxXx\AppData\Roaming\npm-cache\_git-remotes
235 info git [ 'clone',
235 info git   '--template=C:\\Users\\xXxKillDogxXx\\AppData\\Roaming\\npm-cache\\_git-remotes\\_templates',
235 info git   '--mirror',
235 info git   'ssh://git@github.com/jwrb/trendy.git',
235 info git   'C:\\Users\\xXxKillDogxXx\\AppData\\Roaming\\npm-cache\\_git-remotes\\ssh-git-github-com-jwrb-trendy-git-b177b66d' ]
236 http 304 https://registry.npmjs.org/gulp-browserify
237 silly get cb [ 304,
237 silly get   { date: 'Sat, 22 Aug 2015 04:06:43 GMT',
237 silly get     via: '1.1 varnish',
237 silly get     'cache-control': 'max-age=60',
237 silly get     etag: '"2H68SB97X4ZS6FXP4410CO6MV"',
237 silly get     age: '0',
237 silly get     connection: 'keep-alive',
237 silly get     'x-served-by': 'cache-lcy1135-LCY',
237 silly get     'x-cache': 'MISS',
237 silly get     'x-cache-hits': '0',
237 silly get     'x-timer': 'S1440216403.776656,VS0,VE88',
237 silly get     vary: 'Accept' } ]
238 verbose etag https://registry.npmjs.org/gulp-browserify from cache
239 verbose get saving gulp-browserify to C:\Users\xXxKillDogxXx\AppData\Roaming\npm-cache\registry.npmjs.org\gulp-browserify\.cache.json
240 http 304 https://registry.npmjs.org/gulp-autoprefixer
241 silly get cb [ 304,
241 silly get   { date: 'Sat, 22 Aug 2015 04:06:43 GMT',
241 silly get     via: '1.1 varnish',
241 silly get     'cache-control': 'max-age=60',
241 silly get     etag: '"9HKTEFELM0IER3UOTRXP5SEA7"',
241 silly get     age: '0',
241 silly get     connection: 'keep-alive',
241 silly get     'x-served-by': 'cache-lcy1125-LCY',
241 silly get     'x-cache': 'MISS',
241 silly get     'x-cache-hits': '0',
241 silly get     'x-timer': 'S1440216403.772313,VS0,VE93',
241 silly get     vary: 'Accept' } ]
242 verbose etag https://registry.npmjs.org/gulp-autoprefixer from cache
243 verbose get saving gulp-autoprefixer to C:\Users\xXxKillDogxXx\AppData\Roaming\npm-cache\registry.npmjs.org\gulp-autoprefixer\.cache.json
244 http 304 https://registry.npmjs.org/gulp
245 silly get cb [ 304,
245 silly get   { date: 'Sat, 22 Aug 2015 04:06:43 GMT',
245 silly get     via: '1.1 varnish',
245 silly get     'cache-control': 'max-age=60',
245 silly get     etag: '"8B76KHMNZ2QOK0C6II6AYPYXV"',
245 silly get     age: '0',
245 silly get     connection: 'keep-alive',
245 silly get     'x-served-by': 'cache-lcy1124-LCY',
245 silly get     'x-cache': 'HIT',
245 silly get     'x-cache-hits': '1',
245 silly get     'x-timer': 'S1440216403.772641,VS0,VE104',
245 silly get     vary: 'Accept' } ]
246 verbose etag https://registry.npmjs.org/gulp from cache
247 verbose get saving gulp to C:\Users\xXxKillDogxXx\AppData\Roaming\npm-cache\registry.npmjs.org\gulp\.cache.json
248 http 304 https://registry.npmjs.org/jade
249 silly get cb [ 304,
249 silly get   { date: 'Sat, 22 Aug 2015 04:06:43 GMT',
249 silly get     via: '1.1 varnish',
249 silly get     'cache-control': 'max-age=60',
249 silly get     etag: '"BPV74BB9P72Z3MOMIT564BY7M"',
249 silly get     age: '0',
249 silly get     connection: 'keep-alive',
249 silly get     'x-served-by': 'cache-lcy1126-LCY',
249 silly get     'x-cache': 'HIT',
249 silly get     'x-cache-hits': '1',
249 silly get     'x-timer': 'S1440216403.782792,VS0,VE99',
249 silly get     vary: 'Accept' } ]
250 verbose etag https://registry.npmjs.org/jade from cache
251 verbose get saving jade to C:\Users\xXxKillDogxXx\AppData\Roaming\npm-cache\registry.npmjs.org\jade\.cache.json
252 http 304 https://registry.npmjs.org/browser-sync
253 silly get cb [ 304,
253 silly get   { date: 'Sat, 22 Aug 2015 04:06:43 GMT',
253 silly get     via: '1.1 varnish',
253 silly get     'cache-control': 'max-age=60',
253 silly get     etag: '"VD1UFQDTSKRN0O6JVQ82J347"',
253 silly get     age: '0',
253 silly get     connection: 'keep-alive',
253 silly get     'x-served-by': 'cache-lcy1135-LCY',
253 silly get     'x-cache': 'MISS',
253 silly get     'x-cache-hits': '0',
253 silly get     'x-timer': 'S1440216403.782597,VS0,VE101',
253 silly get     vary: 'Accept' } ]
254 verbose etag https://registry.npmjs.org/browser-sync from cache
255 verbose get saving browser-sync to C:\Users\xXxKillDogxXx\AppData\Roaming\npm-cache\registry.npmjs.org\browser-sync\.cache.json
256 silly addNameRange number 2 { name: 'gulp-browserify',
256 silly addNameRange   range: '>=0.5.1 <0.6.0',
256 silly addNameRange   hasData: true }
257 silly addNameRange versions [ 'gulp-browserify',
257 silly addNameRange   [ '0.1.0',
257 silly addNameRange     '0.1.1',
257 silly addNameRange     '0.1.2',
257 silly addNameRange     '0.2.2',
257 silly addNameRange     '0.2.3',
257 silly addNameRange     '0.2.4',
257 silly addNameRange     '0.2.5',
257 silly addNameRange     '0.2.6',
257 silly addNameRange     '0.2.7',
257 silly addNameRange     '0.3.0',
257 silly addNameRange     '0.3.1',
257 silly addNameRange     '0.3.2',
257 silly addNameRange     '0.3.3',
257 silly addNameRange     '0.3.4',
257 silly addNameRange     '0.4.0',
257 silly addNameRange     '0.4.1',
257 silly addNameRange     '0.4.2',
257 silly addNameRange     '0.4.3',
257 silly addNameRange     '0.4.4',
257 silly addNameRange     '0.4.5',
257 silly addNameRange     '0.4.6',
257 silly addNameRange     '0.5.0',
257 silly addNameRange     '0.5.1' ] ]
258 silly addNamed gulp-browserify@0.5.1
259 verbose addNamed "0.5.1" is a plain semver version for gulp-browserify
260 silly addNameRange number 2 { name: 'gulp', range: '>=3.9.0 <4.0.0', hasData: true }
261 silly addNameRange versions [ 'gulp',
261 silly addNameRange   [ '0.0.1',
261 silly addNameRange     '0.0.2',
261 silly addNameRange     '0.0.3',
261 silly addNameRange     '0.0.4',
261 silly addNameRange     '0.0.5',
261 silly addNameRange     '0.0.7',
261 silly addNameRange     '0.0.8',
261 silly addNameRange     '0.0.9',
261 silly addNameRange     '0.1.0',
261 silly addNameRange     '0.2.0',
261 silly addNameRange     '1.0.0',
261 silly addNameRange     '1.1.0',
261 silly addNameRange     '1.2.0',
261 silly addNameRange     '1.2.1',
261 silly addNameRange     '2.0.0',
261 silly addNameRange     '2.0.1',
261 silly addNameRange     '2.1.0',
261 silly addNameRange     '2.2.0',
261 silly addNameRange     '2.3.0',
261 silly addNameRange     '2.4.0',
261 silly addNameRange     '2.4.1',
261 silly addNameRange     '2.6.0',
261 silly addNameRange     '2.6.1',
261 silly addNameRange     '2.7.0',
261 silly addNameRange     '3.0.0',
261 silly addNameRange     '3.1.1',
261 silly addNameRange     '3.1.2',
261 silly addNameRange     '3.1.3',
261 silly addNameRange     '3.1.4',
261 silly addNameRange     '3.2.0',
261 silly addNameRange     '3.2.1',
261 silly addNameRange     '3.2.2',
261 silly addNameRange     '3.2.3',
261 silly addNameRange     '3.2.4',
261 silly addNameRange     '3.2.5',
261 silly addNameRange     '3.3.0',
261 silly addNameRange     '3.3.1',
261 silly addNameRange     '3.3.2',
261 silly addNameRange     '3.3.4',
261 silly addNameRange     '3.4.0',
261 silly addNameRange     '3.5.0',
261 silly addNameRange     '3.5.1',
261 silly addNameRange     '3.5.2',
261 silly addNameRange     '3.5.5',
261 silly addNameRange     '3.5.6',
261 silly addNameRange     '3.6.0',
261 silly addNameRange     '3.6.1',
261 silly addNameRange     '3.6.2',
261 silly addNameRange     '3.7.0',
261 silly addNameRange     '3.8.0',
261 silly addNameRange     '3.8.1',
261 silly addNameRange     '3.8.2',
261 silly addNameRange     '3.8.3',
261 silly addNameRange     '3.8.4',
261 silly addNameRange     '3.8.5',
261 silly addNameRange     '3.8.6',
261 silly addNameRange     '3.8.7',
261 silly addNameRange     '3.8.8',
261 silly addNameRange     '3.8.9',
261 silly addNameRange     '3.8.10',
261 silly addNameRange     '3.8.11',
261 silly addNameRange     '3.9.0' ] ]
262 silly addNamed gulp@3.9.0
263 verbose addNamed "3.9.0" is a plain semver version for gulp
264 silly addNameRange number 2 { name: 'gulp-autoprefixer',
264 silly addNameRange   range: '>=2.3.1 <3.0.0',
264 silly addNameRange   hasData: true }
265 silly addNameRange versions [ 'gulp-autoprefixer',
265 silly addNameRange   [ '0.0.1',
265 silly addNameRange     '0.0.2',
265 silly addNameRange     '0.0.3',
265 silly addNameRange     '0.0.4',
265 silly addNameRange     '0.0.5',
265 silly addNameRange     '0.0.6',
265 silly addNameRange     '0.0.7',
265 silly addNameRange     '0.0.8',
265 silly addNameRange     '0.0.9',
265 silly addNameRange     '0.0.10',
265 silly addNameRange     '1.0.0',
265 silly addNameRange     '1.0.1',
265 silly addNameRange     '2.0.0',
265 silly addNameRange     '2.1.0',
265 silly addNameRange     '2.2.0',
265 silly addNameRange     '2.3.0',
265 silly addNameRange     '2.3.1' ] ]
266 silly addNamed gulp-autoprefixer@2.3.1
267 verbose addNamed "2.3.1" is a plain semver version for gulp-autoprefixer
268 silly cache afterAdd gulp-browserify@0.5.1
269 verbose afterAdd C:\Users\xXxKillDogxXx\AppData\Roaming\npm-cache\gulp-browserify\0.5.1\package\package.json not in flight; writing
270 silly cache afterAdd gulp@3.9.0
271 verbose afterAdd C:\Users\xXxKillDogxXx\AppData\Roaming\npm-cache\gulp\3.9.0\package\package.json not in flight; writing
272 silly addNameRange number 2 { name: 'jade', range: '>=1.11.0 <2.0.0', hasData: true }
273 silly addNameRange versions [ 'jade',
273 silly addNameRange   [ '0.0.1',
273 silly addNameRange     '0.0.2',
273 silly addNameRange     '0.1.0',
273 silly addNameRange     '0.2.0',
273 silly addNameRange     '0.2.1',
273 silly addNameRange     '0.2.2',
273 silly addNameRange     '0.2.3',
273 silly addNameRange     '0.2.4',
273 silly addNameRange     '0.3.0',
273 silly addNameRange     '0.4.0',
273 silly addNameRange     '0.4.1',
273 silly addNameRange     '0.5.0',
273 silly addNameRange     '0.5.1',
273 silly addNameRange     '0.5.2',
273 silly addNameRange     '0.5.3',
273 silly addNameRange     '0.5.4',
273 silly addNameRange     '0.5.5',
273 silly addNameRange     '0.5.6',
273 silly addNameRange     '0.5.7',
273 silly addNameRange     '0.6.0',
273 silly addNameRange     '0.6.1',
273 silly addNameRange     '0.6.3',
273 silly addNameRange     '0.7.0',
273 silly addNameRange     '0.7.1',
273 silly addNameRange     '0.8.0',
273 silly addNameRange     '0.8.1',
273 silly addNameRange     '0.8.2',
273 silly addNameRange     '0.8.3',
273 silly addNameRange     '0.8.4',
273 silly addNameRange     '0.8.5',
273 silly addNameRange     '0.8.6',
273 silly addNameRange     '0.8.7',
273 silly addNameRange     '0.8.8',
273 silly addNameRange     '0.8.9',
273 silly addNameRange     '0.9.0',
273 silly addNameRange     '0.9.1',
273 silly addNameRange     '0.9.2',
273 silly addNameRange     '0.9.3',
273 silly addNameRange     '0.10.0',
273 silly addNameRange     '0.10.1',
273 silly addNameRange     '0.10.2',
273 silly addNameRange     '0.10.3',
273 silly addNameRange     '0.10.4',
273 silly addNameRange     '0.10.5',
273 silly addNameRange     '0.10.6',
273 silly addNameRange     '0.10.7',
273 silly addNameRange     '0.11.0',
273 silly addNameRange     '0.11.1',
273 silly addNameRange     '0.12.0',
273 silly addNameRange     '0.12.1',
273 silly addNameRange     '0.12.2',
273 silly addNameRange     '0.12.3',
273 silly addNameRange     '0.12.4',
273 silly addNameRange     '0.13.0',
273 silly addNameRange     '0.14.0',
273 silly addNameRange     '0.14.1',
273 silly addNameRange     '0.14.2',
273 silly addNameRange     '0.15.0',
273 silly addNameRange     '0.15.1',
273 silly addNameRange     '0.15.2',
273 silly addNameRange     '0.15.3',
273 silly addNameRange     '0.15.4',
273 silly addNameRange     '0.16.0',
273 silly addNameRange     '0.16.1',
273 silly addNameRange     '0.16.2',
273 silly addNameRange     '0.16.3',
273 silly addNameRange     '0.16.4',
273 silly addNameRange     '0.17.0',
273 silly addNameRange     '0.18.0',
273 silly addNameRange     '0.19.0',
273 silly addNameRange     '0.20.0',
273 silly addNameRange     '0.20.1',
273 silly addNameRange     '0.20.2',
273 silly addNameRange     '0.20.3',
273 silly addNameRange     '0.21.0',
273 silly addNameRange     '0.22.0',
273 silly addNameRange     '0.22.1',
273 silly addNameRange     '0.23.0',
273 silly addNameRange     '0.24.0',
273 silly addNameRange     '0.25.0',
273 silly addNameRange     '0.26.0',
273 silly addNameRange     '0.26.1',
273 silly addNameRange     '0.26.2',
273 silly addNameRange     '0.26.3',
273 silly addNameRange     '0.27.0',
273 silly addNameRange     '0.27.1',
273 silly addNameRange     '0.27.2',
273 silly addNameRange     '0.27.3',
273 silly addNameRange     '0.27.4',
273 silly addNameRange     '0.27.5',
273 silly addNameRange     '0.27.6',
273 silly addNameRange     '0.27.7',
273 silly addNameRange     '0.28.0',
273 silly addNameRange     '0.28.1',
273 silly addNameRange     '0.28.2',
273 silly addNameRange     '0.29.0',
273 silly addNameRange     '0.30.0',
273 silly addNameRange     '0.31.0',
273 silly addNameRange     '0.31.1',
273 silly addNameRange     '0.31.2',
273 silly addNameRange     '0.32.0',
273 silly addNameRange     '0.33.0',
273 silly addNameRange     '0.34.0',
273 silly addNameRange     '0.34.1',
273 silly addNameRange     '0.35.0',
273 silly addNameRange     '1.0.0',
273 silly addNameRange     '1.0.1',
273 silly addNameRange     '1.0.2',
273 silly addNameRange     '1.1.0',
273 silly addNameRange     '1.1.1',
273 silly addNameRange     '1.1.2',
273 silly addNameRange     '1.1.3',
273 silly addNameRange     '1.1.4',
273 silly addNameRange     '1.1.5',
273 silly addNameRange     '1.2.0',
273 silly addNameRange     '1.3.0',
273 silly addNameRange     '1.3.1',
273 silly addNameRange     '1.4.0',
273 silly addNameRange     '1.4.1',
273 silly addNameRange     '1.4.2',
273 silly addNameRange     '1.5.0',
273 silly addNameRange     '1.6.0',
273 silly addNameRange     '1.7.0',
273 silly addNameRange     '1.8.0',
273 silly addNameRange     '1.8.1',
273 silly addNameRange     '1.8.2',
273 silly addNameRange     '1.9.0',
273 silly addNameRange     '1.9.1',
273 silly addNameRange     '1.9.2',
273 silly addNameRange     '1.10.0',
273 silly addNameRange     '1.11.0' ] ]
274 silly addNamed jade@1.11.0
275 verbose addNamed "1.11.0" is a plain semver version for jade
276 silly addNameRange number 2 { name: 'browser-sync', range: '>=2.8.2 <3.0.0', hasData: true }
277 silly addNameRange versions [ 'browser-sync',
277 silly addNameRange   [ '0.1.0',
277 silly addNameRange     '0.1.1',
277 silly addNameRange     '0.1.3',
277 silly addNameRange     '0.1.5',
277 silly addNameRange     '0.1.6',
277 silly addNameRange     '0.1.7',
277 silly addNameRange     '0.1.8',
277 silly addNameRange     '0.1.9',
277 silly addNameRange     '0.1.10',
277 silly addNameRange     '0.2.0',
277 silly addNameRange     '0.2.1',
277 silly addNameRange     '0.3.0',
277 silly addNameRange     '0.3.1',
277 silly addNameRange     '0.3.2',
277 silly addNameRange     '0.3.3',
277 silly addNameRange     '0.3.4',
277 silly addNameRange     '0.3.5',
277 silly addNameRange     '0.3.6',
277 silly addNameRange     '0.3.7',
277 silly addNameRange     '0.3.8',
277 silly addNameRange     '0.3.10',
277 silly addNameRange     '0.4.0',
277 silly addNameRange     '0.4.1',
277 silly addNameRange     '0.4.2',
277 silly addNameRange     '0.4.21',
277 silly addNameRange     '0.4.3',
277 silly addNameRange     '0.4.4',
277 silly addNameRange     '0.4.5',
277 silly addNameRange     '0.4.6',
277 silly addNameRange     '0.4.7',
277 silly addNameRange     '0.4.8',
277 silly addNameRange     '0.4.9',
277 silly addNameRange     '0.4.10',
277 silly addNameRange     '0.4.11',
277 silly addNameRange     '0.4.12',
277 silly addNameRange     '0.5.0',
277 silly addNameRange     '0.5.1',
277 silly addNameRange     '0.5.2',
277 silly addNameRange     '0.5.3',
277 silly addNameRange     '0.5.4',
277 silly addNameRange     '0.5.5',
277 silly addNameRange     '0.5.6',
277 silly addNameRange     '0.5.7',
277 silly addNameRange     '0.5.8',
277 silly addNameRange     '0.5.9',
277 silly addNameRange     '0.6.0',
277 silly addNameRange     '0.6.1',
277 silly addNameRange     '0.6.2',
277 silly addNameRange     '0.7.0',
277 silly addNameRange     '0.7.1',
277 silly addNameRange     '0.7.2',
277 silly addNameRange     '0.7.3',
277 silly addNameRange     '0.7.4',
277 silly addNameRange     '0.7.5',
277 silly addNameRange     '0.7.7',
277 silly addNameRange     '0.8.0',
277 silly addNameRange     '0.8.1',
277 silly addNameRange     '0.8.2',
277 silly addNameRange     '0.9.0',
277 silly addNameRange     '0.9.1',
277 silly addNameRange     '1.0.0',
277 silly addNameRange     '1.1.0',
277 silly addNameRange     '1.1.1',
277 silly addNameRange     '1.1.2',
277 silly addNameRange     '1.2.0',
277 silly addNameRange     '1.2.1',
277 silly addNameRange     '1.3.0',
277 silly addNameRange     '1.3.2',
277 silly addNameRange     '1.3.3',
277 silly addNameRange     '1.3.4',
277 silly addNameRange     '1.3.5',
277 silly addNameRange     '1.3.6',
277 silly addNameRange     '1.3.7',
277 silly addNameRange     '1.5.0',
277 silly addNameRange     '1.5.1',
277 silly addNameRange     '1.5.2',
277 silly addNameRange     '1.5.3',
277 silly addNameRange     '1.5.4',
277 silly addNameRange     '1.5.5',
277 silly addNameRange     '1.5.6',
277 silly addNameRange     '1.5.7',
277 silly addNameRange     '1.5.8',
277 silly addNameRange     '1.5.9',
277 silly addNameRange     '1.6.0',
277 silly addNameRange     '1.6.1',
277 silly addNameRange     '1.6.2',
277 silly addNameRange     '1.6.3',
277 silly addNameRange     '1.6.4',
277 silly addNameRange     '1.6.5',
277 silly addNameRange     '1.7.0',
277 silly addNameRange     '1.7.1',
277 silly addNameRange     '1.7.2',
277 silly addNameRange     '1.7.3',
277 silly addNameRange     '1.8.0',
277 silly addNameRange     '1.8.1',
277 silly addNameRange     '1.8.2',
277 silly addNameRange     '1.8.3',
277 silly addNameRange     '1.9.0',
277 silly addNameRange     '1.9.1',
277 silly addNameRange     '2.0.0-rc1',
277 silly addNameRange     '2.0.0-rc2',
277 silly addNameRange     '2.0.0-rc3',
277 silly addNameRange     '2.0.0-rc4',
277 silly addNameRange     '2.0.0-rc5',
277 silly addNameRange     '2.0.0-rc6',
277 silly addNameRange     '2.0.0-rc7',
277 silly addNameRange     '2.0.0-rc8',
277 silly addNameRange     '2.0.0-rc9',
277 silly addNameRange     '2.0.0-rc10',
277 silly addNameRange     '2.0.0',
277 silly addNameRange     '2.0.1',
277 silly addNameRange     '2.1.0',
277 silly addNameRange     '2.1.1',
277 silly addNameRange     '2.1.2',
277 silly addNameRange     '2.1.3',
277 silly addNameRange     '2.1.4',
277 silly addNameRange     '2.1.6',
277 silly addNameRange     '2.2.0',
277 silly addNameRange     '2.2.1',
277 silly addNameRange     '2.2.2',
277 silly addNameRange     '2.2.3',
277 silly addNameRange     '2.2.4',
277 silly addNameRange     '2.2.5',
277 silly addNameRange     '2.3.0',
277 silly addNameRange     '2.3.1',
277 silly addNameRange     '2.3.2',
277 silly addNameRange     '2.4.0',
277 silly addNameRange     '2.4.1',
277 silly addNameRange     '2.5.0',
277 silly addNameRange     '2.5.1',
277 silly addNameRange     '2.5.2',
277 silly addNameRange     '2.5.3',
277 silly addNameRange     '2.6.0',
277 silly addNameRange     '2.6.1',
277 silly addNameRange     '2.6.2',
277 silly addNameRange     '2.6.3',
277 silly addNameRange     '2.6.4',
277 silly addNameRange     '2.6.5',
277 silly addNameRange     '2.6.6',
277 silly addNameRange     '1.9.2',
277 silly addNameRange     '2.6.7',
277 silly addNameRange     '2.6.8',
277 silly addNameRange     '2.6.9',
277 silly addNameRange     '2.6.10',
277 silly addNameRange     '2.6.11',
277 silly addNameRange     '2.7.0',
277 silly addNameRange     '2.7.1',
277 silly addNameRange     '2.7.2',
277 silly addNameRange     '2.7.3',
277 silly addNameRange     '2.7.4',
277 silly addNameRange     '2.7.5',
277 silly addNameRange     '2.7.6',
277 silly addNameRange     '2.7.7',
277 silly addNameRange     '2.7.8',
277 silly addNameRange     '2.7.9',
277 silly addNameRange     '2.7.10',
277 silly addNameRange     '2.7.11',
277 silly addNameRange     '2.7.12',
277 silly addNameRange     '2.7.13',
277 silly addNameRange     '2.8.0',
277 silly addNameRange     '2.8.1',
277 silly addNameRange     '2.8.2' ] ]
278 silly addNamed browser-sync@2.8.2
279 verbose addNamed "2.8.2" is a plain semver version for browser-sync
280 silly cache afterAdd gulp-autoprefixer@2.3.1
281 verbose afterAdd C:\Users\xXxKillDogxXx\AppData\Roaming\npm-cache\gulp-autoprefixer\2.3.1\package\package.json not in flight; writing
282 verbose afterAdd C:\Users\xXxKillDogxXx\AppData\Roaming\npm-cache\gulp-browserify\0.5.1\package\package.json written
283 verbose afterAdd C:\Users\xXxKillDogxXx\AppData\Roaming\npm-cache\gulp\3.9.0\package\package.json written
284 http 304 https://registry.npmjs.org/gulp-livereload
285 silly get cb [ 304,
285 silly get   { date: 'Sat, 22 Aug 2015 04:06:43 GMT',
285 silly get     via: '1.1 varnish',
285 silly get     'cache-control': 'max-age=60',
285 silly get     etag: '"3AZOF48LQVYSKIGU0ZXET1C9S"',
285 silly get     age: '0',
285 silly get     connection: 'keep-alive',
285 silly get     'x-served-by': 'cache-lcy1123-LCY',
285 silly get     'x-cache': 'MISS',
285 silly get     'x-cache-hits': '0',
285 silly get     'x-timer': 'S1440216403.768394,VS0,VE160',
285 silly get     vary: 'Accept' } ]
286 verbose etag https://registry.npmjs.org/gulp-livereload from cache
287 verbose get saving gulp-livereload to C:\Users\xXxKillDogxXx\AppData\Roaming\npm-cache\registry.npmjs.org\gulp-livereload\.cache.json
288 verbose afterAdd C:\Users\xXxKillDogxXx\AppData\Roaming\npm-cache\gulp-autoprefixer\2.3.1\package\package.json written
289 silly cache afterAdd jade@1.11.0
290 verbose afterAdd C:\Users\xXxKillDogxXx\AppData\Roaming\npm-cache\jade\1.11.0\package\package.json not in flight; writing
291 http 304 https://registry.npmjs.org/gulp-if
292 silly get cb [ 304,
292 silly get   { date: 'Sat, 22 Aug 2015 04:06:43 GMT',
292 silly get     via: '1.1 varnish',
292 silly get     'cache-control': 'max-age=60',
292 silly get     etag: '"3WQADN68XNBRL78CXYKFFQF5N"',
292 silly get     age: '0',
292 silly get     connection: 'keep-alive',
292 silly get     'x-served-by': 'cache-lcy1128-LCY',
292 silly get     'x-cache': 'HIT',
292 silly get     'x-cache-hits': '1',
292 silly get     'x-timer': 'S1440216403.768355,VS0,VE168',
292 silly get     vary: 'Accept' } ]
293 verbose etag https://registry.npmjs.org/gulp-if from cache
294 verbose get saving gulp-if to C:\Users\xXxKillDogxXx\AppData\Roaming\npm-cache\registry.npmjs.org\gulp-if\.cache.json
295 http 304 https://registry.npmjs.org/jquery
296 silly get cb [ 304,
296 silly get   { date: 'Sat, 22 Aug 2015 04:06:43 GMT',
296 silly get     via: '1.1 varnish',
296 silly get     'cache-control': 'max-age=60',
296 silly get     etag: '"EZN1AJ9Y2ORPMNSOGVKZM6XGW"',
296 silly get     age: '0',
296 silly get     connection: 'keep-alive',
296 silly get     'x-served-by': 'cache-lcy1123-LCY',
296 silly get     'x-cache': 'HIT',
296 silly get     'x-cache-hits': '1',
296 silly get     'x-timer': 'S1440216403.782625,VS0,VE164',
296 silly get     vary: 'Accept' } ]
297 verbose etag https://registry.npmjs.org/jquery from cache
298 verbose get saving jquery to C:\Users\xXxKillDogxXx\AppData\Roaming\npm-cache\registry.npmjs.org\jquery\.cache.json
299 silly cache afterAdd browser-sync@2.8.2
300 verbose afterAdd C:\Users\xXxKillDogxXx\AppData\Roaming\npm-cache\browser-sync\2.8.2\package\package.json not in flight; writing
301 http 304 https://registry.npmjs.org/gulp-sourcemaps
302 silly get cb [ 304,
302 silly get   { date: 'Sat, 22 Aug 2015 04:06:43 GMT',
302 silly get     via: '1.1 varnish',
302 silly get     'cache-control': 'max-age=60',
302 silly get     etag: '"9CNJC0RSHRBYG6QH3FC0D07OB"',
302 silly get     age: '0',
302 silly get     connection: 'keep-alive',
302 silly get     'x-served-by': 'cache-lcy1132-LCY',
302 silly get     'x-cache': 'HIT',
302 silly get     'x-cache-hits': '1',
302 silly get     'x-timer': 'S1440216403.788235,VS0,VE162',
302 silly get     vary: 'Accept' } ]
303 verbose etag https://registry.npmjs.org/gulp-sourcemaps from cache
304 verbose get saving gulp-sourcemaps to C:\Users\xXxKillDogxXx\AppData\Roaming\npm-cache\registry.npmjs.org\gulp-sourcemaps\.cache.json
305 verbose afterAdd C:\Users\xXxKillDogxXx\AppData\Roaming\npm-cache\jade\1.11.0\package\package.json written
306 silly addNameRange number 2 { name: 'gulp-livereload',
306 silly addNameRange   range: '>=3.8.0 <4.0.0',
306 silly addNameRange   hasData: true }
307 silly addNameRange versions [ 'gulp-livereload',
307 silly addNameRange   [ '0.1.1',
307 silly addNameRange     '0.2.0',
307 silly addNameRange     '0.3.0',
307 silly addNameRange     '0.3.1',
307 silly addNameRange     '0.3.2',
307 silly addNameRange     '1.0.0',
307 silly addNameRange     '1.0.1',
307 silly addNameRange     '1.1.0',
307 silly addNameRange     '1.1.1',
307 silly addNameRange     '1.2.0',
307 silly addNameRange     '1.3.1',
307 silly addNameRange     '1.4.1',
307 silly addNameRange     '1.4.2',
307 silly addNameRange     '1.5.0',
307 silly addNameRange     '2.0.0',
307 silly addNameRange     '2.1.0',
307 silly addNameRange     '2.1.1',
307 silly addNameRange     '3.0.0',
307 silly addNameRange     '3.0.1',
307 silly addNameRange     '3.0.2',
307 silly addNameRange     '3.1.0',
307 silly addNameRange     '3.2.0',
307 silly addNameRange     '3.3.0',
307 silly addNameRange     '3.4.0',
307 silly addNameRange     '3.5.0',
307 silly addNameRange     '3.6.0',
307 silly addNameRange     '3.7.0',
307 silly addNameRange     '3.8.0' ] ]
308 silly addNamed gulp-livereload@3.8.0
309 verbose addNamed "3.8.0" is a plain semver version for gulp-livereload
310 http 304 https://registry.npmjs.org/bootstrap
311 silly get cb [ 304,
311 silly get   { date: 'Sat, 22 Aug 2015 04:06:43 GMT',
311 silly get     via: '1.1 varnish',
311 silly get     'cache-control': 'max-age=60',
311 silly get     etag: '"4FQXPTW1NY0O2SQMPN6ND9ULE"',
311 silly get     age: '0',
311 silly get     connection: 'keep-alive',
311 silly get     'x-served-by': 'cache-lcy1122-LCY',
311 silly get     'x-cache': 'MISS',
311 silly get     'x-cache-hits': '0',
311 silly get     'x-timer': 'S1440216403.782864,VS0,VE174',
311 silly get     vary: 'Accept' } ]
312 verbose etag https://registry.npmjs.org/bootstrap from cache
313 verbose get saving bootstrap to C:\Users\xXxKillDogxXx\AppData\Roaming\npm-cache\registry.npmjs.org\bootstrap\.cache.json
314 verbose afterAdd C:\Users\xXxKillDogxXx\AppData\Roaming\npm-cache\browser-sync\2.8.2\package\package.json written
315 silly cache afterAdd gulp-livereload@3.8.0
316 verbose afterAdd C:\Users\xXxKillDogxXx\AppData\Roaming\npm-cache\gulp-livereload\3.8.0\package\package.json not in flight; writing
317 silly addNameRange number 2 { name: 'jquery', range: '>=2.1.4 <3.0.0', hasData: true }
318 silly addNameRange versions [ 'jquery',
318 silly addNameRange   [ '1.5.1',
318 silly addNameRange     '1.6.2',
318 silly addNameRange     '1.6.3',
318 silly addNameRange     '1.7.2',
318 silly addNameRange     '1.7.3',
318 silly addNameRange     '1.8.2',
318 silly addNameRange     '1.8.3',
318 silly addNameRange     '2.1.0-beta2',
318 silly addNameRange     '2.1.0-beta3',
318 silly addNameRange     '1.11.0-beta3',
318 silly addNameRange     '1.11.0-rc1',
318 silly addNameRange     '2.1.0-rc1',
318 silly addNameRange     '1.11.0',
318 silly addNameRange     '2.1.0',
318 silly addNameRange     '2.1.1-beta1',
318 silly addNameRange     '1.11.1-beta1',
318 silly addNameRange     '2.1.1-rc1',
318 silly addNameRange     '1.11.1-rc1',
318 silly addNameRange     '2.1.1-rc2',
318 silly addNameRange     '1.11.1-rc2',
318 silly addNameRange     '2.1.1',
318 silly addNameRange     '1.11.1',
318 silly addNameRange     '1.9.1',
318 silly addNameRange     '2.1.2',
318 silly addNameRange     '1.11.2',
318 silly addNameRange     '2.1.3',
318 silly addNameRange     '2.1.4',
318 silly addNameRange     '1.11.3',
318 silly addNameRange     '3.0.0-alpha1' ] ]
319 silly addNamed jquery@2.1.4
320 verbose addNamed "2.1.4" is a plain semver version for jquery
321 http 304 https://registry.npmjs.org/gulp-jade
322 silly get cb [ 304,
322 silly get   { date: 'Sat, 22 Aug 2015 04:06:43 GMT',
322 silly get     via: '1.1 varnish',
322 silly get     'cache-control': 'max-age=60',
322 silly get     etag: '"6BK7YBP2IJB3YW1M09QFD711L"',
322 silly get     age: '0',
322 silly get     connection: 'keep-alive',
322 silly get     'x-served-by': 'cache-lcy1133-LCY',
322 silly get     'x-cache': 'MISS',
322 silly get     'x-cache-hits': '0',
322 silly get     'x-timer': 'S1440216403.772479,VS0,VE190',
322 silly get     vary: 'Accept' } ]
323 verbose etag https://registry.npmjs.org/gulp-jade from cache
324 verbose get saving gulp-jade to C:\Users\xXxKillDogxXx\AppData\Roaming\npm-cache\registry.npmjs.org\gulp-jade\.cache.json
325 silly addNameRange number 2 { name: 'gulp-if', range: '>=1.2.5 <2.0.0', hasData: true }
326 silly addNameRange versions [ 'gulp-if',
326 silly addNameRange   [ '0.0.3',
326 silly addNameRange     '0.0.4',
326 silly addNameRange     '0.0.5',
326 silly addNameRange     '1.0.0',
326 silly addNameRange     '1.1.0',
326 silly addNameRange     '1.2.0',
326 silly addNameRange     '1.2.1',
326 silly addNameRange     '1.2.2',
326 silly addNameRange     '1.2.3',
326 silly addNameRange     '1.2.4',
326 silly addNameRange     '1.2.5' ] ]
327 silly addNamed gulp-if@1.2.5
328 verbose addNamed "1.2.5" is a plain semver version for gulp-if
329 silly addNameRange number 2 { name: 'gulp-sourcemaps',
329 silly addNameRange   range: '>=1.5.2 <2.0.0',
329 silly addNameRange   hasData: true }
330 silly addNameRange versions [ 'gulp-sourcemaps',
330 silly addNameRange   [ '0.2.0',
330 silly addNameRange     '0.2.1',
330 silly addNameRange     '0.3.0',
330 silly addNameRange     '0.3.1',
330 silly addNameRange     '0.4.0',
330 silly addNameRange     '0.4.1',
330 silly addNameRange     '0.4.2',
330 silly addNameRange     '0.4.3',
330 silly addNameRange     '0.4.4',
330 silly addNameRange     '0.4.5',
330 silly addNameRange     '0.4.6',
330 silly addNameRange     '1.0.0',
330 silly addNameRange     '1.1.0',
330 silly addNameRange     '1.1.1',
330 silly addNameRange     '1.1.2',
330 silly addNameRange     '1.1.3',
330 silly addNameRange     '1.1.4',
330 silly addNameRange     '1.1.5',
330 silly addNameRange     '1.2.0',
330 silly addNameRange     '1.2.1',
330 silly addNameRange     '1.2.2',
330 silly addNameRange     '1.2.3',
330 silly addNameRange     '1.2.4',
330 silly addNameRange     '1.2.5',
330 silly addNameRange     '1.2.6',
330 silly addNameRange     '1.2.7',
330 silly addNameRange     '1.2.8',
330 silly addNameRange     '1.3.0',
330 silly addNameRange     '1.4.0',
330 silly addNameRange     '1.5.0',
330 silly addNameRange     '1.5.1',
330 silly addNameRange     '1.5.2' ] ]
331 silly addNamed gulp-sourcemaps@1.5.2
332 verbose addNamed "1.5.2" is a plain semver version for gulp-sourcemaps
333 silly cache afterAdd jquery@2.1.4
334 verbose afterAdd C:\Users\xXxKillDogxXx\AppData\Roaming\npm-cache\jquery\2.1.4\package\package.json not in flight; writing
335 silly addNameRange number 2 { name: 'bootstrap', range: '>=3.3.5 <4.0.0', hasData: true }
336 silly addNameRange versions [ 'bootstrap',
336 silly addNameRange   [ '0.0.1',
336 silly addNameRange     '0.0.2',
336 silly addNameRange     '3.1.1',
336 silly addNameRange     '3.2.0',
336 silly addNameRange     '3.3.0',
336 silly addNameRange     '3.3.1',
336 silly addNameRange     '3.3.2',
336 silly addNameRange     '3.3.4',
336 silly addNameRange     '3.3.5' ] ]
337 silly addNamed bootstrap@3.3.5
338 verbose addNamed "3.3.5" is a plain semver version for bootstrap
339 verbose afterAdd C:\Users\xXxKillDogxXx\AppData\Roaming\npm-cache\gulp-livereload\3.8.0\package\package.json written
340 silly cache afterAdd gulp-if@1.2.5
341 verbose afterAdd C:\Users\xXxKillDogxXx\AppData\Roaming\npm-cache\gulp-if\1.2.5\package\package.json not in flight; writing
342 silly cache afterAdd gulp-sourcemaps@1.5.2
343 verbose afterAdd C:\Users\xXxKillDogxXx\AppData\Roaming\npm-cache\gulp-sourcemaps\1.5.2\package\package.json not in flight; writing
344 silly addNameRange number 2 { name: 'gulp-jade', range: '>=1.1.0 <2.0.0', hasData: true }
345 silly addNameRange versions [ 'gulp-jade',
345 silly addNameRange   [ '0.0.1',
345 silly addNameRange     '0.0.2',
345 silly addNameRange     '0.0.3',
345 silly addNameRange     '0.1.0',
345 silly addNameRange     '0.2.0',
345 silly addNameRange     '0.3.0',
345 silly addNameRange     '0.4.0',
345 silly addNameRange     '0.4.1',
345 silly addNameRange     '0.4.2',
345 silly addNameRange     '0.5.0',
345 silly addNameRange     '0.6.0',
345 silly addNameRange     '0.6.1',
345 silly addNameRange     '0.7.0',
345 silly addNameRange     '0.8.0',
345 silly addNameRange     '0.9.0',
345 silly addNameRange     '0.10.0',
345 silly addNameRange     '0.11.0',
345 silly addNameRange     '1.0.0',
345 silly addNameRange     '1.0.1',
345 silly addNameRange     '1.1.0' ] ]
346 silly addNamed gulp-jade@1.1.0
347 verbose addNamed "1.1.0" is a plain semver version for gulp-jade
348 silly cache afterAdd bootstrap@3.3.5
349 verbose afterAdd C:\Users\xXxKillDogxXx\AppData\Roaming\npm-cache\bootstrap\3.3.5\package\package.json not in flight; writing
350 silly cache afterAdd gulp-jade@1.1.0
351 verbose afterAdd C:\Users\xXxKillDogxXx\AppData\Roaming\npm-cache\gulp-jade\1.1.0\package\package.json not in flight; writing
352 verbose afterAdd C:\Users\xXxKillDogxXx\AppData\Roaming\npm-cache\jquery\2.1.4\package\package.json written
353 verbose afterAdd C:\Users\xXxKillDogxXx\AppData\Roaming\npm-cache\gulp-sourcemaps\1.5.2\package\package.json written
354 verbose afterAdd C:\Users\xXxKillDogxXx\AppData\Roaming\npm-cache\gulp-if\1.2.5\package\package.json written
355 verbose afterAdd C:\Users\xXxKillDogxXx\AppData\Roaming\npm-cache\bootstrap\3.3.5\package\package.json written
356 verbose afterAdd C:\Users\xXxKillDogxXx\AppData\Roaming\npm-cache\gulp-jade\1.1.0\package\package.json written
357 http 304 https://registry.npmjs.org/gulp-less
358 silly get cb [ 304,
358 silly get   { date: 'Sat, 22 Aug 2015 04:06:43 GMT',
358 silly get     via: '1.1 varnish',
358 silly get     'cache-control': 'max-age=60',
358 silly get     etag: '"157K5TANG8WPZYQ3T6AS0MLBA"',
358 silly get     age: '0',
358 silly get     connection: 'keep-alive',
358 silly get     'x-served-by': 'cache-lcy1132-LCY',
358 silly get     'x-cache': 'HIT',
358 silly get     'x-cache-hits': '1',
358 silly get     'x-timer': 'S1440216403.776795,VS0,VE616',
358 silly get     vary: 'Accept' } ]
359 verbose etag https://registry.npmjs.org/gulp-less from cache
360 verbose get saving gulp-less to C:\Users\xXxKillDogxXx\AppData\Roaming\npm-cache\registry.npmjs.org\gulp-less\.cache.json
361 silly addNameRange number 2 { name: 'gulp-less', range: '>=3.0.3 <4.0.0', hasData: true }
362 silly addNameRange versions [ 'gulp-less',
362 silly addNameRange   [ '0.0.0',
362 silly addNameRange     '0.0.1',
362 silly addNameRange     '0.0.2',
362 silly addNameRange     '0.0.3',
362 silly addNameRange     '1.0.1',
362 silly addNameRange     '1.0.0',
362 silly addNameRange     '1.0.2',
362 silly addNameRange     '1.1.0',
362 silly addNameRange     '1.1.1',
362 silly addNameRange     '1.1.3',
362 silly addNameRange     '1.1.4',
362 silly addNameRange     '1.1.5',
362 silly addNameRange     '1.1.6',
362 silly addNameRange     '1.1.7',
362 silly addNameRange     '1.1.8',
362 silly addNameRange     '1.1.10',
362 silly addNameRange     '1.2.0',
362 silly addNameRange     '1.2.1',
362 silly addNameRange     '1.2.2',
362 silly addNameRange     '1.2.3',
362 silly addNameRange     '1.2.4',
362 silly addNameRange     '1.3.0',
362 silly addNameRange     '1.3.1',
362 silly addNameRange     '1.3.2',
362 silly addNameRange     '1.3.3',
362 silly addNameRange     '1.3.4',
362 silly addNameRange     '1.3.5',
362 silly addNameRange     '1.3.6',
362 silly addNameRange     '1.3.7',
362 silly addNameRange     '1.3.8',
362 silly addNameRange     '1.3.9',
362 silly addNameRange     '2.0.0',
362 silly addNameRange     '2.0.1',
362 silly addNameRange     '2.0.2',
362 silly addNameRange     '2.0.3',
362 silly addNameRange     '3.0.0',
362 silly addNameRange     '3.0.1',
362 silly addNameRange     '3.0.2',
362 silly addNameRange     '3.0.3' ] ]
363 silly addNamed gulp-less@3.0.3
364 verbose addNamed "3.0.3" is a plain semver version for gulp-less
365 silly cache afterAdd gulp-less@3.0.3
366 verbose afterAdd C:\Users\xXxKillDogxXx\AppData\Roaming\npm-cache\gulp-less\3.0.3\package\package.json not in flight; writing
367 verbose afterAdd C:\Users\xXxKillDogxXx\AppData\Roaming\npm-cache\gulp-less\3.0.3\package\package.json written
368 http 304 https://registry.npmjs.org/gulp-header
369 silly get cb [ 304,
369 silly get   { date: 'Sat, 22 Aug 2015 04:06:43 GMT',
369 silly get     via: '1.1 varnish',
369 silly get     'cache-control': 'max-age=60',
369 silly get     etag: '"5LGEX2YIG8AKX7RAT8ZIQW1N8"',
369 silly get     age: '0',
369 silly get     connection: 'keep-alive',
369 silly get     'x-served-by': 'cache-lcy1128-LCY',
369 silly get     'x-cache': 'HIT',
369 silly get     'x-cache-hits': '1',
369 silly get     'x-timer': 'S1440216403.768346,VS0,VE678',
369 silly get     vary: 'Accept' } ]
370 verbose etag https://registry.npmjs.org/gulp-header from cache
371 verbose get saving gulp-header to C:\Users\xXxKillDogxXx\AppData\Roaming\npm-cache\registry.npmjs.org\gulp-header\.cache.json
372 silly addNameRange number 2 { name: 'gulp-header', range: '>=1.2.2 <2.0.0', hasData: true }
373 silly addNameRange versions [ 'gulp-header',
373 silly addNameRange   [ '0.4.0',
373 silly addNameRange     '1.0.1',
373 silly addNameRange     '1.0.5',
373 silly addNameRange     '1.1.0',
373 silly addNameRange     '1.1.1',
373 silly addNameRange     '1.2.0',
373 silly addNameRange     '1.2.1',
373 silly addNameRange     '1.2.2',
373 silly addNameRange     '1.5.0' ] ]
374 silly addNamed gulp-header@1.5.0
375 verbose addNamed "1.5.0" is a plain semver version for gulp-header
376 silly cache afterAdd gulp-header@1.5.0
377 verbose afterAdd C:\Users\xXxKillDogxXx\AppData\Roaming\npm-cache\gulp-header\1.5.0\package\package.json not in flight; writing
378 verbose afterAdd C:\Users\xXxKillDogxXx\AppData\Roaming\npm-cache\gulp-header\1.5.0\package\package.json written
379 error git clone --template=C:\Users\xXxKillDogxXx\AppData\Roaming\npm-cache\_git-remotes\_templates --mirror ssh://git@github.com/jwrb/trendy.git C:\Users\xXxKillDogxXx\AppData\Roaming\npm-cache\_git-remotes\ssh-git-github-com-jwrb-trendy-git-b177b66d: Cloning into bare repository 'C:\Users\xXxKillDogxXx\AppData\Roaming\npm-cache\_git-remotes\ssh-git-github-com-jwrb-trendy-git-b177b66d'...
379 error git clone --template=C:\Users\xXxKillDogxXx\AppData\Roaming\npm-cache\_git-remotes\_templates --mirror ssh://git@github.com/jwrb/trendy.git C:\Users\xXxKillDogxXx\AppData\Roaming\npm-cache\_git-remotes\ssh-git-github-com-jwrb-trendy-git-b177b66d:
379 error git clone --template=C:\Users\xXxKillDogxXx\AppData\Roaming\npm-cache\_git-remotes\_templates --mirror ssh://git@github.com/jwrb/trendy.git C:\Users\xXxKillDogxXx\AppData\Roaming\npm-cache\_git-remotes\ssh-git-github-com-jwrb-trendy-git-b177b66d: Permission denied (publickey).
379 error git clone --template=C:\Users\xXxKillDogxXx\AppData\Roaming\npm-cache\_git-remotes\_templates --mirror ssh://git@github.com/jwrb/trendy.git C:\Users\xXxKillDogxXx\AppData\Roaming\npm-cache\_git-remotes\ssh-git-github-com-jwrb-trendy-git-b177b66d: fatal: Could not read from remote repository.
379 error git clone --template=C:\Users\xXxKillDogxXx\AppData\Roaming\npm-cache\_git-remotes\_templates --mirror ssh://git@github.com/jwrb/trendy.git C:\Users\xXxKillDogxXx\AppData\Roaming\npm-cache\_git-remotes\ssh-git-github-com-jwrb-trendy-git-b177b66d:
379 error git clone --template=C:\Users\xXxKillDogxXx\AppData\Roaming\npm-cache\_git-remotes\_templates --mirror ssh://git@github.com/jwrb/trendy.git C:\Users\xXxKillDogxXx\AppData\Roaming\npm-cache\_git-remotes\ssh-git-github-com-jwrb-trendy-git-b177b66d: Please make sure you have the correct access rights
379 error git clone --template=C:\Users\xXxKillDogxXx\AppData\Roaming\npm-cache\_git-remotes\_templates --mirror ssh://git@github.com/jwrb/trendy.git C:\Users\xXxKillDogxXx\AppData\Roaming\npm-cache\_git-remotes\ssh-git-github-com-jwrb-trendy-git-b177b66d: and the repository exists.
380 verbose stack Error: Command failed: git -c core.longpaths=true clone --template=C:\Users\xXxKillDogxXx\AppData\Roaming\npm-cache\_git-remotes\_templates --mirror ssh://git@github.com/jwrb/trendy.git C:\Users\xXxKillDogxXx\AppData\Roaming\npm-cache\_git-remotes\ssh-git-github-com-jwrb-trendy-git-b177b66d
380 verbose stack Permission denied (publickey).
380 verbose stack fatal: Could not read from remote repository.
380 verbose stack
380 verbose stack Please make sure you have the correct access rights
380 verbose stack and the repository exists.
380 verbose stack
380 verbose stack     at ChildProcess.exithandler (child_process.js:197:12)
380 verbose stack     at emitTwo (events.js:87:13)
380 verbose stack     at ChildProcess.emit (events.js:172:7)
380 verbose stack     at maybeClose (internal/child_process.js:764:16)
380 verbose stack     at Process.ChildProcess._handle.onexit (internal/child_process.js:211:5)
381 verbose cwd C:\users\xXxKillDogxXx\Documents\ExtraEFI.co.uk
382 error Windows_NT 6.1.7601
383 error argv "C:\\Program Files\\iojs\\node.exe" "C:\\Program Files\\iojs\\node_modules\\npm\\bin\\npm-cli.js" "install"
384 error node v3.1.0
385 error npm  v2.13.3
386 error code 128
387 error Command failed: git -c core.longpaths=true clone --template=C:\Users\xXxKillDogxXx\AppData\Roaming\npm-cache\_git-remotes\_templates --mirror ssh://git@github.com/jwrb/trendy.git C:\Users\xXxKillDogxXx\AppData\Roaming\npm-cache\_git-remotes\ssh-git-github-com-jwrb-trendy-git-b177b66d
387 error Permission denied (publickey).
387 error fatal: Could not read from remote repository.
387 error
387 error Please make sure you have the correct access rights
387 error and the repository exists.
388 error If you need help, you may report this error at:
388 error     <https://github.com/npm/npm/issues>
389 verbose exit [ 1, true ]
